#
# There is insufficient memory for the Java Runtime Environment to continue.
# Native memory allocation (malloc) failed to allocate 1194256 bytes for Chunk::new
# Possible reasons:
#   The system is out of physical RAM or swap space
#   The process is running with CompressedOops enabled, and the Java Heap may be blocking the growth of the native heap
# Possible solutions:
#   Reduce memory load on the system
#   Increase physical memory or swap space
#   Check if swap backing store is full
#   Decrease Java heap size (-Xmx/-Xms)
#   Decrease number of Java threads
#   Decrease Java thread stack sizes (-Xss)
#   Set larger code cache with -XX:ReservedCodeCacheSize=
#   JVM is running with Unscaled Compressed Oops mode in which the Java heap is
#     placed in the first 4GB address space. The Java Heap base address is the
#     maximum limit for the native heap growth. Please use -XX:HeapBaseMinAddress
#     to set the Java Heap base and to place the Java Heap above 4GB virtual address.
# This output file may be truncated or incomplete.
#
#  Out of Memory Error (allocation.cpp:389), pid=1432, tid=0x0000000000000a84
#
# JRE version: Java(TM) SE Runtime Environment (8.0_333-b02) (build 1.8.0_333-b02)
# Java VM: Java HotSpot(TM) 64-Bit Server VM (25.333-b02 mixed mode windows-amd64 compressed oops)
# Failed to write core dump. Minidumps are not enabled by default on client versions of Windows
#

---------------  T H R E A D  ---------------

Current thread (0x00000209e0caf000):  JavaThread "C2 CompilerThread1" daemon [_thread_in_native, id=2692, stack(0x000000f6ed100000,0x000000f6ed200000)]

Stack: [0x000000f6ed100000,0x000000f6ed200000]
Native frames: (J=compiled Java code, j=interpreted, Vv=VM code, C=native code)
V  [jvm.dll+0x32fc49]


Current CompileTask:
C2:  95119 7272       4       org.jetbrains.kotlin.com.intellij.openapi.vfs.impl.ZipHandlerBase::getOrCreate (235 bytes)


---------------  P R O C E S S  ---------------

Java Threads: ( => current thread )
  0x00000209e9120800 JavaThread "Kotlin DSL Writer" [_thread_blocked, id=13252, stack(0x000000f6f1300000,0x000000f6f1400000)]
  0x00000209e9119000 JavaThread "Memory manager" [_thread_blocked, id=9208, stack(0x000000f6f1200000,0x000000f6f1300000)]
  0x00000209e9120000 JavaThread "build event listener" [_thread_blocked, id=11728, stack(0x000000f6f1100000,0x000000f6f1200000)]
  0x00000209e911f000 JavaThread "Unconstrained build operations Thread 33" [_thread_blocked, id=5900, stack(0x000000f6f1000000,0x000000f6f1100000)]
  0x00000209e911e800 JavaThread "Unconstrained build operations Thread 32" [_thread_blocked, id=11668, stack(0x000000f6f0f00000,0x000000f6f1000000)]
  0x00000209e911d800 JavaThread "Unconstrained build operations Thread 31" [_thread_blocked, id=11628, stack(0x000000f6f0e00000,0x000000f6f0f00000)]
  0x00000209e911d000 JavaThread "Unconstrained build operations Thread 30" [_thread_blocked, id=7680, stack(0x000000f6f0d00000,0x000000f6f0e00000)]
  0x00000209e911c000 JavaThread "Unconstrained build operations Thread 29" [_thread_blocked, id=2412, stack(0x000000f6f0c00000,0x000000f6f0d00000)]
  0x00000209e9114800 JavaThread "Unconstrained build operations Thread 28" [_thread_blocked, id=8856, stack(0x000000f6f0b00000,0x000000f6f0c00000)]
  0x00000209e911a800 JavaThread "Unconstrained build operations Thread 27" [_thread_blocked, id=3280, stack(0x000000f6f0a00000,0x000000f6f0b00000)]
  0x00000209e911a000 JavaThread "Unconstrained build operations Thread 26" [_thread_blocked, id=9520, stack(0x000000f6f0900000,0x000000f6f0a00000)]
  0x00000209e9118800 JavaThread "Unconstrained build operations Thread 25" [_thread_blocked, id=4912, stack(0x000000f6f0800000,0x000000f6f0900000)]
  0x00000209e911b800 JavaThread "Unconstrained build operations Thread 24" [_thread_blocked, id=13196, stack(0x000000f6f0700000,0x000000f6f0800000)]
  0x00000209e9117800 JavaThread "Unconstrained build operations Thread 23" [_thread_blocked, id=12256, stack(0x000000f6f0600000,0x000000f6f0700000)]
  0x00000209e9117000 JavaThread "Unconstrained build operations Thread 22" [_thread_blocked, id=2136, stack(0x000000f6f0500000,0x000000f6f0600000)]
  0x00000209e9116000 JavaThread "Unconstrained build operations Thread 21" [_thread_blocked, id=10932, stack(0x000000f6f0400000,0x000000f6f0500000)]
  0x00000209e9115800 JavaThread "Unconstrained build operations Thread 20" [_thread_blocked, id=11868, stack(0x000000f6f0300000,0x000000f6f0400000)]
  0x00000209e9114000 JavaThread "Unconstrained build operations Thread 19" [_thread_blocked, id=7852, stack(0x000000f6f0200000,0x000000f6f0300000)]
  0x00000209e57cb000 JavaThread "Unconstrained build operations Thread 18" [_thread_blocked, id=6616, stack(0x000000f6f0100000,0x000000f6f0200000)]
  0x00000209e57c8000 JavaThread "Unconstrained build operations Thread 17" [_thread_blocked, id=9852, stack(0x000000f6f0000000,0x000000f6f0100000)]
  0x00000209e57ca000 JavaThread "Unconstrained build operations Thread 16" [_thread_blocked, id=6972, stack(0x000000f6eff00000,0x000000f6f0000000)]
  0x00000209e57c7000 JavaThread "Unconstrained build operations Thread 15" [_thread_blocked, id=2344, stack(0x000000f6efe00000,0x000000f6eff00000)]
  0x00000209e57ce000 JavaThread "Unconstrained build operations Thread 14" [_thread_blocked, id=11520, stack(0x000000f6efd00000,0x000000f6efe00000)]
  0x00000209e57cd000 JavaThread "Unconstrained build operations Thread 13" [_thread_blocked, id=9556, stack(0x000000f6efc00000,0x000000f6efd00000)]
  0x00000209e57cc800 JavaThread "Unconstrained build operations Thread 12" [_thread_blocked, id=12152, stack(0x000000f6efb00000,0x000000f6efc00000)]
  0x00000209e57cb800 JavaThread "Unconstrained build operations Thread 11" [_thread_blocked, id=11884, stack(0x000000f6efa00000,0x000000f6efb00000)]
  0x00000209e57c9800 JavaThread "Unconstrained build operations Thread 10" [_thread_blocked, id=10080, stack(0x000000f6ef900000,0x000000f6efa00000)]
  0x00000209e57c8800 JavaThread "Unconstrained build operations Thread 9" [_thread_blocked, id=12008, stack(0x000000f6ef800000,0x000000f6ef900000)]
  0x00000209e41e7000 JavaThread "Unconstrained build operations Thread 8" [_thread_blocked, id=2052, stack(0x000000f6ef700000,0x000000f6ef800000)]
  0x00000209e41e6000 JavaThread "Unconstrained build operations Thread 7" [_thread_blocked, id=2460, stack(0x000000f6ef600000,0x000000f6ef700000)]
  0x00000209e41e4800 JavaThread "Unconstrained build operations Thread 6" [_thread_blocked, id=9060, stack(0x000000f6ef500000,0x000000f6ef600000)]
  0x00000209e41e5800 JavaThread "Unconstrained build operations Thread 5" [_thread_blocked, id=12980, stack(0x000000f6ef400000,0x000000f6ef500000)]
  0x00000209e41dd000 JavaThread "Unconstrained build operations Thread 4" [_thread_blocked, id=12360, stack(0x000000f6ef300000,0x000000f6ef400000)]
  0x00000209e41e4000 JavaThread "Unconstrained build operations Thread 3" [_thread_blocked, id=3984, stack(0x000000f6ef200000,0x000000f6ef300000)]
  0x00000209e41e2800 JavaThread "Unconstrained build operations Thread 2" [_thread_blocked, id=9560, stack(0x000000f6ef100000,0x000000f6ef200000)]
  0x00000209e41e1800 JavaThread "Unconstrained build operations" [_thread_blocked, id=12808, stack(0x000000f6ef000000,0x000000f6ef100000)]
  0x00000209e41e1000 JavaThread "Cache worker for Build Output Cleanup Cache (C:\Users\suhai\Downloads\semargress\semargresuser.mobile.rn\node_modules\react-native-gradle-plugin\.gradle\buildOutputCleanup)" [_thread_blocked, id=11732, stack(0x000000f6eef00000,0x000000f6ef000000)]
  0x00000209e41e0000 JavaThread "Cache worker for Build Output Cleanup Cache (C:\Users\suhai\Downloads\semargress\semargresuser.mobile.rn\android\.gradle\buildOutputCleanup)" [_thread_blocked, id=6328, stack(0x000000f6edd00000,0x000000f6ede00000)]
  0x00000209e41d8800 JavaThread "Cache worker for dependencies-accessors (C:\Users\suhai\Downloads\semargress\semargresuser.mobile.rn\android\.gradle\7.3.3\dependencies-accessors)" [_thread_blocked, id=10064, stack(0x000000f6ec500000,0x000000f6ec600000)]
  0x00000209e41df800 JavaThread "Cache worker for kotlin-dsl (C:\Users\suhai\.gradle\caches\7.3.3\kotlin-dsl)" [_thread_blocked, id=3436, stack(0x000000f6ec300000,0x000000f6ec400000)]
  0x00000209e41d8000 JavaThread "jar transforms Thread 4" [_thread_blocked, id=6548, stack(0x000000f6eed00000,0x000000f6eee00000)]
  0x00000209e41d9800 JavaThread "Cache worker for file content cache (C:\Users\suhai\.gradle\caches\7.3.3\fileContent)" [_thread_blocked, id=10196, stack(0x000000f6eec00000,0x000000f6eed00000)]
  0x00000209e41db800 JavaThread "jar transforms Thread 3" [_thread_blocked, id=5592, stack(0x000000f6eeb00000,0x000000f6eec00000)]
  0x00000209e41dc800 JavaThread "Cache worker for execution history cache (C:\Users\suhai\.gradle\caches\7.3.3\executionHistory)" [_thread_blocked, id=10712, stack(0x000000f6eea00000,0x000000f6eeb00000)]
  0x00000209e41de000 JavaThread "Cache worker for cache directory md-rule (C:\Users\suhai\.gradle\caches\7.3.3\md-rule)" [_thread_blocked, id=248, stack(0x000000f6ee900000,0x000000f6eea00000)]
  0x00000209e1f3b800 JavaThread "Cache worker for cache directory md-supplier (C:\Users\suhai\.gradle\caches\7.3.3\md-supplier)" [_thread_blocked, id=5916, stack(0x000000f6ee800000,0x000000f6ee900000)]
  0x00000209e1f3d000 JavaThread "Cache worker for checksums cache (C:\Users\suhai\Downloads\semargress\semargresuser.mobile.rn\android\.gradle\7.3.3\checksums)" [_thread_blocked, id=6076, stack(0x000000f6ee700000,0x000000f6ee800000)]
  0x00000209e1f3a800 JavaThread "jar transforms Thread 2" [_thread_blocked, id=9280, stack(0x000000f6ee600000,0x000000f6ee700000)]
  0x00000209e1f3a000 JavaThread "jar transforms" [_thread_blocked, id=6124, stack(0x000000f6ee500000,0x000000f6ee600000)]
  0x00000209e1f39000 JavaThread "File watcher consumer" daemon [_thread_blocked, id=8628, stack(0x000000f6ee400000,0x000000f6ee500000)]
  0x00000209e1f37800 JavaThread "File watcher server" daemon [_thread_in_native, id=11964, stack(0x000000f6ee300000,0x000000f6ee400000)]
  0x00000209e1f38800 JavaThread "Cache worker for file hash cache (C:\Users\suhai\Downloads\semargress\semargresuser.mobile.rn\android\.gradle\7.3.3\fileHashes)" [_thread_blocked, id=5192, stack(0x000000f6ee200000,0x000000f6ee300000)]
  0x00000209e1f3c000 JavaThread "Cache worker for file hash cache (C:\Users\suhai\.gradle\caches\7.3.3\fileHashes)" [_thread_blocked, id=6804, stack(0x000000f6ee100000,0x000000f6ee200000)]
  0x00000209e1f37000 JavaThread "File lock request listener" [_thread_in_native, id=12728, stack(0x000000f6ee000000,0x000000f6ee100000)]
  0x00000209e1f36000 JavaThread "Cache worker for journal cache (C:\Users\suhai\.gradle\caches\journal-1)" [_thread_blocked, id=13064, stack(0x000000f6edf00000,0x000000f6ee000000)]
  0x00000209e1db3800 JavaThread "Daemon client event forwarder" [_thread_blocked, id=1212, stack(0x000000f6ede00000,0x000000f6edf00000)]
  0x00000209e32fd800 JavaThread "Asynchronous log dispatcher for DefaultDaemonConnection: socket connection from /127.0.0.1:49561 to /127.0.0.1:49562" [_thread_blocked, id=5536, stack(0x000000f6edc00000,0x000000f6edd00000)]
  0x00000209e32fd000 JavaThread "Daemon worker" [_thread_in_Java, id=8620, stack(0x000000f6edb00000,0x000000f6edc00000)]
  0x00000209e1d6c800 JavaThread "Cancel handler" [_thread_blocked, id=10860, stack(0x000000f6eda00000,0x000000f6edb00000)]
  0x00000209e1bcf000 JavaThread "Handler for socket connection from /127.0.0.1:49561 to /127.0.0.1:49562" [_thread_in_native, id=6916, stack(0x000000f6ed900000,0x000000f6eda00000)]
  0x00000209e189c800 JavaThread "Daemon" [_thread_blocked, id=9872, stack(0x000000f6ed800000,0x000000f6ed900000)]
  0x00000209e0dae000 JavaThread "Daemon periodic checks" [_thread_blocked, id=1412, stack(0x000000f6ed700000,0x000000f6ed800000)]
  0x00000209e1b69000 JavaThread "Incoming local TCP Connector on port 49561" [_thread_in_native, id=8876, stack(0x000000f6ed600000,0x000000f6ed700000)]
  0x00000209e329e800 JavaThread "Daemon health stats" [_thread_blocked, id=9136, stack(0x000000f6ed500000,0x000000f6ed600000)]
  0x00000209e0d2a000 JavaThread "Service Thread" daemon [_thread_blocked, id=6672, stack(0x000000f6ed300000,0x000000f6ed400000)]
  0x00000209e0cb7000 JavaThread "C1 CompilerThread2" daemon [_thread_blocked, id=2632, stack(0x000000f6ed200000,0x000000f6ed300000)]
=>0x00000209e0caf000 JavaThread "C2 CompilerThread1" daemon [_thread_in_native, id=2692, stack(0x000000f6ed100000,0x000000f6ed200000)]
  0x00000209e0caa800 JavaThread "C2 CompilerThread0" daemon [_thread_blocked, id=1532, stack(0x000000f6ed000000,0x000000f6ed100000)]
  0x00000209e0ca9000 JavaThread "Attach Listener" daemon [_thread_blocked, id=3304, stack(0x000000f6ecf00000,0x000000f6ed000000)]
  0x00000209e0ca8000 JavaThread "Signal Dispatcher" daemon [_thread_blocked, id=9284, stack(0x000000f6ece00000,0x000000f6ecf00000)]
  0x00000209e0559800 JavaThread "Finalizer" daemon [_thread_blocked, id=2004, stack(0x000000f6ecd00000,0x000000f6ece00000)]
  0x00000209e0551000 JavaThread "Reference Handler" daemon [_thread_blocked, id=5888, stack(0x000000f6ecc00000,0x000000f6ecd00000)]
  0x00000209ca4e1800 JavaThread "main" [_thread_blocked, id=10800, stack(0x000000f6ec600000,0x000000f6ec700000)]

Other Threads:
  0x00000209e0c62800 VMThread [stack: 0x000000f6ecb00000,0x000000f6ecc00000] [id=1548]
  0x00000209e0d2f800 WatcherThread [stack: 0x000000f6ed400000,0x000000f6ed500000] [id=4080]

VM state:not at safepoint (normal execution)

VM Mutex/Monitor currently owned by a thread: None

heap address: 0x0000000080000000, size: 2048 MB, Compressed Oops mode: 32-bit
Narrow klass base: 0x0000000000000000, Narrow klass shift: 3
Compressed class space size: 1073741824 Address: 0x0000000100000000

Heap:
 PSYoungGen      total 169472K, used 147617K [0x00000000d5580000, 0x00000000e2b80000, 0x0000000100000000)
  eden space 153088K, 89% used [0x00000000d5580000,0x00000000ddb8ab88,0x00000000deb00000)
  from space 16384K, 63% used [0x00000000deb00000,0x00000000df51d9d0,0x00000000dfb00000)
  to   space 15872K, 0% used [0x00000000e1c00000,0x00000000e1c00000,0x00000000e2b80000)
 ParOldGen       total 175104K, used 32857K [0x0000000080000000, 0x000000008ab00000, 0x00000000d5580000)
  object space 175104K, 18% used [0x0000000080000000,0x00000000820165a0,0x000000008ab00000)
 Metaspace       used 76282K, capacity 79960K, committed 80384K, reserved 1118208K
  class space    used 10930K, capacity 11685K, committed 11776K, reserved 1048576K

Card table byte_map: [0x00000209db1a0000,0x00000209db5b0000] byte_map_base: 0x00000209dada0000

Marking Bits: (ParMarkBitMap*) 0x0000000062089030
 Begin Bits: [0x00000209db860000, 0x00000209dd860000)
 End Bits:   [0x00000209dd860000, 0x00000209df860000)

Polling page: 0x00000209ca5c0000

CodeCache: size=245760Kb used=22278Kb max_used=22278Kb free=223482Kb
 bounds [0x00000209cbde0000, 0x00000209cd3c0000, 0x00000209dade0000]
 total_blobs=7380 nmethods=6531 adapters=759
 compilation: enabled

Compilation events (10 events):
Event: 94.929 Thread 0x00000209e0caa800 7276       4       org.jetbrains.kotlin.com.intellij.util.text.ByteArrayCharSequence::convertToBytesIfPossible (75 bytes)
Event: 94.938 Thread 0x00000209e0caa800 nmethod 7276 0x00000209cd3a2690 code [0x00000209cd3a2800, 0x00000209cd3a2b98]
Event: 94.938 Thread 0x00000209e0caa800 7275       4       org.jetbrains.kotlin.com.intellij.openapi.vfs.impl.ZipHandlerBase::store (74 bytes)
Event: 94.948 Thread 0x00000209e0caa800 nmethod 7275 0x00000209cd3b0e10 code [0x00000209cd3b0fa0, 0x00000209cd3b1548]
Event: 94.948 Thread 0x00000209e0caa800 7277       4       java.util.zip.ZipEntry::isDirectory (10 bytes)
Event: 94.950 Thread 0x00000209e0caa800 nmethod 7277 0x00000209cd3a22d0 code [0x00000209cd3a2420, 0x00000209cd3a24f8]
Event: 94.950 Thread 0x00000209e0caa800 7278       4       org.jetbrains.kotlin.com.intellij.openapi.util.text.StringUtilRt::endsWithChar (37 bytes)
Event: 94.952 Thread 0x00000209e0caa800 nmethod 7278 0x00000209cd3b1a90 code [0x00000209cd3b1be0, 0x00000209cd3b1cf8]
Event: 95.058 Thread 0x00000209e0cb7000 7279   !   3       java.util.concurrent.LinkedBlockingQueue::poll (134 bytes)
Event: 95.060 Thread 0x00000209e0cb7000 nmethod 7279 0x00000209cd3b67d0 code [0x00000209cd3b6ae0, 0x00000209cd3b8420]

GC Heap History (10 events):
Event: 82.834 GC heap before
{Heap before GC invocations=14 (full 2):
 PSYoungGen      total 119808K, used 119541K [0x00000000d5580000, 0x00000000deb80000, 0x0000000100000000)
  eden space 107520K, 100% used [0x00000000d5580000,0x00000000dbe80000,0x00000000dbe80000)
  from space 12288K, 97% used [0x00000000dbe80000,0x00000000dca3d4e0,0x00000000dca80000)
  to   space 13824K, 0% used [0x00000000dde00000,0x00000000dde00000,0x00000000deb80000)
 ParOldGen       total 117760K, used 14173K [0x0000000080000000, 0x0000000087300000, 0x00000000d5580000)
  object space 117760K, 12% used [0x0000000080000000,0x0000000080dd77a8,0x0000000087300000)
 Metaspace       used 49279K, capacity 52040K, committed 52224K, reserved 1093632K
  class space    used 7033K, capacity 7592K, committed 7680K, reserved 1048576K
Event: 82.860 GC heap after
Heap after GC invocations=14 (full 2):
 PSYoungGen      total 137216K, used 13797K [0x00000000d5580000, 0x00000000df900000, 0x0000000100000000)
  eden space 123392K, 0% used [0x00000000d5580000,0x00000000d5580000,0x00000000dce00000)
  from space 13824K, 99% used [0x00000000dde00000,0x00000000deb795d0,0x00000000deb80000)
  to   space 16384K, 0% used [0x00000000dce00000,0x00000000dce00000,0x00000000dde00000)
 ParOldGen       total 117760K, used 17732K [0x0000000080000000, 0x0000000087300000, 0x00000000d5580000)
  object space 117760K, 15% used [0x0000000080000000,0x0000000081151158,0x0000000087300000)
 Metaspace       used 49279K, capacity 52040K, committed 52224K, reserved 1093632K
  class space    used 7033K, capacity 7592K, committed 7680K, reserved 1048576K
}
Event: 86.757 GC heap before
{Heap before GC invocations=15 (full 2):
 PSYoungGen      total 137216K, used 112228K [0x00000000d5580000, 0x00000000df900000, 0x0000000100000000)
  eden space 123392K, 79% used [0x00000000d5580000,0x00000000db59fa58,0x00000000dce00000)
  from space 13824K, 99% used [0x00000000dde00000,0x00000000deb795d0,0x00000000deb80000)
  to   space 16384K, 0% used [0x00000000dce00000,0x00000000dce00000,0x00000000dde00000)
 ParOldGen       total 117760K, used 17732K [0x0000000080000000, 0x0000000087300000, 0x00000000d5580000)
  object space 117760K, 15% used [0x0000000080000000,0x0000000081151158,0x0000000087300000)
 Metaspace       used 55714K, capacity 59016K, committed 59136K, reserved 1099776K
  class space    used 7969K, capacity 8633K, committed 8704K, reserved 1048576K
Event: 86.788 GC heap after
Heap after GC invocations=15 (full 2):
 PSYoungGen      total 139776K, used 11333K [0x00000000d5580000, 0x00000000e0c00000, 0x0000000100000000)
  eden space 123392K, 0% used [0x00000000d5580000,0x00000000d5580000,0x00000000dce00000)
  from space 16384K, 69% used [0x00000000dce00000,0x00000000dd911780,0x00000000dde00000)
  to   space 16896K, 0% used [0x00000000dfb80000,0x00000000dfb80000,0x00000000e0c00000)
 ParOldGen       total 117760K, used 26773K [0x0000000080000000, 0x0000000087300000, 0x00000000d5580000)
  object space 117760K, 22% used [0x0000000080000000,0x0000000081a25578,0x0000000087300000)
 Metaspace       used 55714K, capacity 59016K, committed 59136K, reserved 1099776K
  class space    used 7969K, capacity 8633K, committed 8704K, reserved 1048576K
}
Event: 86.788 GC heap before
{Heap before GC invocations=16 (full 3):
 PSYoungGen      total 139776K, used 11333K [0x00000000d5580000, 0x00000000e0c00000, 0x0000000100000000)
  eden space 123392K, 0% used [0x00000000d5580000,0x00000000d5580000,0x00000000dce00000)
  from space 16384K, 69% used [0x00000000dce00000,0x00000000dd911780,0x00000000dde00000)
  to   space 16896K, 0% used [0x00000000dfb80000,0x00000000dfb80000,0x00000000e0c00000)
 ParOldGen       total 117760K, used 26773K [0x0000000080000000, 0x0000000087300000, 0x00000000d5580000)
  object space 117760K, 22% used [0x0000000080000000,0x0000000081a25578,0x0000000087300000)
 Metaspace       used 55714K, capacity 59016K, committed 59136K, reserved 1099776K
  class space    used 7969K, capacity 8633K, committed 8704K, reserved 1048576K
Event: 87.446 GC heap after
Heap after GC invocations=16 (full 3):
 PSYoungGen      total 139776K, used 0K [0x00000000d5580000, 0x00000000e0c00000, 0x0000000100000000)
  eden space 123392K, 0% used [0x00000000d5580000,0x00000000d5580000,0x00000000dce00000)
  from space 16384K, 0% used [0x00000000dce00000,0x00000000dce00000,0x00000000dde00000)
  to   space 16896K, 0% used [0x00000000dfb80000,0x00000000dfb80000,0x00000000e0c00000)
 ParOldGen       total 175104K, used 32841K [0x0000000080000000, 0x000000008ab00000, 0x00000000d5580000)
  object space 175104K, 18% used [0x0000000080000000,0x00000000820125a0,0x000000008ab00000)
 Metaspace       used 55683K, capacity 58948K, committed 59136K, reserved 1099776K
  class space    used 7958K, capacity 8617K, committed 8704K, reserved 1048576K
}
Event: 89.617 GC heap before
{Heap before GC invocations=17 (full 3):
 PSYoungGen      total 139776K, used 123392K [0x00000000d5580000, 0x00000000e0c00000, 0x0000000100000000)
  eden space 123392K, 100% used [0x00000000d5580000,0x00000000dce00000,0x00000000dce00000)
  from space 16384K, 0% used [0x00000000dce00000,0x00000000dce00000,0x00000000dde00000)
  to   space 16896K, 0% used [0x00000000dfb80000,0x00000000dfb80000,0x00000000e0c00000)
 ParOldGen       total 175104K, used 32841K [0x0000000080000000, 0x000000008ab00000, 0x00000000d5580000)
  object space 175104K, 18% used [0x0000000080000000,0x00000000820125a0,0x000000008ab00000)
 Metaspace       used 60965K, capacity 64358K, committed 64384K, reserved 1103872K
  class space    used 8670K, capacity 9324K, committed 9344K, reserved 1048576K
Event: 89.629 GC heap after
Heap after GC invocations=17 (full 3):
 PSYoungGen      total 168960K, used 7931K [0x00000000d5580000, 0x00000000e0b00000, 0x0000000100000000)
  eden space 153088K, 0% used [0x00000000d5580000,0x00000000d5580000,0x00000000deb00000)
  from space 15872K, 49% used [0x00000000dfb80000,0x00000000e033ee40,0x00000000e0b00000)
  to   space 16384K, 0% used [0x00000000deb00000,0x00000000deb00000,0x00000000dfb00000)
 ParOldGen       total 175104K, used 32849K [0x0000000080000000, 0x000000008ab00000, 0x00000000d5580000)
  object space 175104K, 18% used [0x0000000080000000,0x00000000820145a0,0x000000008ab00000)
 Metaspace       used 60965K, capacity 64358K, committed 64384K, reserved 1103872K
  class space    used 8670K, capacity 9324K, committed 9344K, reserved 1048576K
}
Event: 92.785 GC heap before
{Heap before GC invocations=18 (full 3):
 PSYoungGen      total 168960K, used 161019K [0x00000000d5580000, 0x00000000e0b00000, 0x0000000100000000)
  eden space 153088K, 100% used [0x00000000d5580000,0x00000000deb00000,0x00000000deb00000)
  from space 15872K, 49% used [0x00000000dfb80000,0x00000000e033ee40,0x00000000e0b00000)
  to   space 16384K, 0% used [0x00000000deb00000,0x00000000deb00000,0x00000000dfb00000)
 ParOldGen       total 175104K, used 32849K [0x0000000080000000, 0x000000008ab00000, 0x00000000d5580000)
  object space 175104K, 18% used [0x0000000080000000,0x00000000820145a0,0x000000008ab00000)
 Metaspace       used 69216K, capacity 72674K, committed 72960K, reserved 1112064K
  class space    used 10061K, capacity 10740K, committed 10752K, reserved 1048576K
Event: 92.802 GC heap after
Heap after GC invocations=18 (full 3):
 PSYoungGen      total 169472K, used 10358K [0x00000000d5580000, 0x00000000e2b80000, 0x0000000100000000)
  eden space 153088K, 0% used [0x00000000d5580000,0x00000000d5580000,0x00000000deb00000)
  from space 16384K, 63% used [0x00000000deb00000,0x00000000df51d9d0,0x00000000dfb00000)
  to   space 15872K, 0% used [0x00000000e1c00000,0x00000000e1c00000,0x00000000e2b80000)
 ParOldGen       total 175104K, used 32857K [0x0000000080000000, 0x000000008ab00000, 0x00000000d5580000)
  object space 175104K, 18% used [0x0000000080000000,0x00000000820165a0,0x000000008ab00000)
 Metaspace       used 69216K, capacity 72674K, committed 72960K, reserved 1112064K
  class space    used 10061K, capacity 10740K, committed 10752K, reserved 1048576K
}

Deoptimization events (10 events):
Event: 94.175 Thread 0x00000209e32fd000 Uncommon trap: reason=unstable_if action=reinterpret pc=0x00000209cbef8168 method=java.util.regex.Pattern$BmpCharProperty.match(Ljava/util/regex/Matcher;ILjava/lang/CharSequence;)Z @ 34
Event: 94.175 Thread 0x00000209e32fd000 Uncommon trap: reason=bimorphic action=maybe_recompile pc=0x00000209cc3b0900 method=java.util.regex.Pattern$Slice.match(Ljava/util/regex/Matcher;ILjava/lang/CharSequence;)Z @ 75
Event: 94.274 Thread 0x00000209e32fd000 Uncommon trap: reason=unstable_if action=reinterpret pc=0x00000209ccfdf248 method=kotlin.text.StringsKt__StringsJVMKt.regionMatches(Ljava/lang/String;ILjava/lang/String;IIZ)Z @ 16
Event: 94.381 Thread 0x00000209e32fd000 Uncommon trap: reason=class_check action=maybe_recompile pc=0x00000209cd2a746c method=java.lang.Character.codePointAt(Ljava/lang/CharSequence;I)I @ 2
Event: 94.382 Thread 0x00000209e32fd000 Uncommon trap: reason=class_check action=maybe_recompile pc=0x00000209cd2a746c method=java.lang.Character.codePointAt(Ljava/lang/CharSequence;I)I @ 2
Event: 94.382 Thread 0x00000209e32fd000 Uncommon trap: reason=class_check action=maybe_recompile pc=0x00000209cd2a746c method=java.lang.Character.codePointAt(Ljava/lang/CharSequence;I)I @ 2
Event: 94.382 Thread 0x00000209e32fd000 Uncommon trap: reason=class_check action=maybe_recompile pc=0x00000209cd2a746c method=java.lang.Character.codePointAt(Ljava/lang/CharSequence;I)I @ 2
Event: 94.651 Thread 0x00000209e32fd000 Uncommon trap: reason=unstable_if action=reinterpret pc=0x00000209cc1693b4 method=java.lang.ref.SoftReference.get()Ljava/lang/Object; @ 6
Event: 94.668 Thread 0x00000209e32fd000 Uncommon trap: reason=unstable_if action=reinterpret pc=0x00000209ccab865c method=java.util.zip.ZipFile$ZipEntryIterator.hasNext()Z @ 25
Event: 94.706 Thread 0x00000209e32fd000 Uncommon trap: reason=unstable_if action=reinterpret pc=0x00000209ccaba8dc method=java.util.zip.ZipFile$ZipEntryIterator.hasNext()Z @ 25

Classes redefined (0 events):
No events

Internal exceptions (10 events):
Event: 87.562 Thread 0x00000209e32fd000 Exception <a 'java/lang/ClassNotFoundException': org/jetbrains/kotlin/gradle/targets/js/npm/DefaultDevNpmDependencyExtensionBeanInfo> (0x00000000d58633b0) thrown at [C:\jenkins\workspace\8-2-build-windows-amd64-cygwin\jdk8u333\2551\hotspot\src\share\vm\cl
Event: 87.562 Thread 0x00000209e32fd000 Exception <a 'java/lang/ClassNotFoundException': org/jetbrains/kotlin/gradle/targets/js/npm/DefaultDevNpmDependencyExtensionCustomizer> (0x00000000d58753e8) thrown at [C:\jenkins\workspace\8-2-build-windows-amd64-cygwin\jdk8u333\2551\hotspot\src\share\vm\
Event: 87.565 Thread 0x00000209e32fd000 Exception <a 'java/lang/ClassNotFoundException': org/jetbrains/kotlin/gradle/targets/js/npm/DefaultPeerNpmDependencyExtensionBeanInfo> (0x00000000d58ce478) thrown at [C:\jenkins\workspace\8-2-build-windows-amd64-cygwin\jdk8u333\2551\hotspot\src\share\vm\c
Event: 87.566 Thread 0x00000209e32fd000 Exception <a 'java/lang/ClassNotFoundException': org/jetbrains/kotlin/gradle/targets/js/npm/DefaultPeerNpmDependencyExtensionCustomizer> (0x00000000d58e04d0) thrown at [C:\jenkins\workspace\8-2-build-windows-amd64-cygwin\jdk8u333\2551\hotspot\src\share\vm
Event: 87.571 Thread 0x00000209e32fd000 Exception <a 'java/lang/ClassNotFoundException': org/jetbrains/kotlin/gradle/targets/js/npm/DefaultPeerNpmDependencyExtension$delegate$1BeanInfo> (0x00000000d59449d8) thrown at [C:\jenkins\workspace\8-2-build-windows-amd64-cygwin\jdk8u333\2551\hotspot\src
Event: 87.572 Thread 0x00000209e32fd000 Exception <a 'java/lang/ClassNotFoundException': org/jetbrains/kotlin/gradle/targets/js/npm/DefaultPeerNpmDependencyExtension$delegate$1Customizer> (0x00000000d5957f38) thrown at [C:\jenkins\workspace\8-2-build-windows-amd64-cygwin\jdk8u333\2551\hotspot\s
Event: 93.069 Thread 0x00000209e32fd000 Exception <a 'java/lang/NoSuchMethodError': java.lang.Object.lambda$static$0()J> (0x00000000d62a3398) thrown at [C:\jenkins\workspace\8-2-build-windows-amd64-cygwin\jdk8u333\2551\hotspot\src\share\vm\interpreter\linkResolver.cpp, line 620]
Event: 93.692 Thread 0x00000209e32fd000 Exception <a 'java/lang/NoSuchMethodError': java.lang.Object.lambda$static$0(I)[Lorg/jetbrains/kotlin/com/intellij/openapi/editor/event/DocumentListener;> (0x00000000d89b4808) thrown at [C:\jenkins\workspace\8-2-build-windows-amd64-cygwin\jdk8u333\2551\ho
Event: 93.782 Thread 0x00000209e32fd000 Exception <a 'java/lang/NoSuchMethodError': java.lang.Object.lambda$static$0(I)[Lorg/jetbrains/kotlin/com/intellij/psi/PsiAnnotation;> (0x00000000d8fda200) thrown at [C:\jenkins\workspace\8-2-build-windows-amd64-cygwin\jdk8u333\2551\hotspot\src\share\vm\i
Event: 94.056 Thread 0x00000209e32fd000 Exception <a 'java/lang/NoSuchMethodError': java.lang.Object.lambda$static$0(I)[Lorg/jetbrains/kotlin/com/intellij/psi/PsiElement;> (0x00000000da575ac0) thrown at [C:\jenkins\workspace\8-2-build-windows-amd64-cygwin\jdk8u333\2551\hotspot\src\share\vm\inte

Events (10 events):
Event: 94.680 loading class java/util/AbstractMap$SimpleEntry done
Event: 94.680 loading class org/gradle/launcher/daemon/registry/DaemonStopEvent$Serializer
Event: 94.680 loading class org/gradle/launcher/daemon/registry/DaemonStopEvent$Serializer done
Event: 94.681 loading class org/jetbrains/kotlin/cli/jvm/config/JavaSourceRoot
Event: 94.681 loading class org/jetbrains/kotlin/cli/jvm/config/JavaSourceRoot done
Event: 94.705 Thread 0x00000209e32fd000 Uncommon trap: trap_request=0xffffff65 fr.pc=0x00000209ccaba8dc
Event: 94.705 Executing VM operation: RevokeBias
Event: 94.706 Executing VM operation: RevokeBias done
Event: 94.706 Thread 0x00000209e32fd000 DEOPT PACKING pc=0x00000209ccaba8dc sp=0x000000f6edbf55b0
Event: 94.706 Thread 0x00000209e32fd000 DEOPT UNPACKING pc=0x00000209cbe258c3 sp=0x000000f6edbf5568 mode 2


Dynamic libraries:
0x00007ff78f610000 - 0x00007ff78f657000 	c:\Program Files\Java\jdk1.8.0_333\bin\java.exe
0x00007ffcb3970000 - 0x00007ffcb3b68000 	C:\Windows\SYSTEM32\ntdll.dll
0x00007ffcb3340000 - 0x00007ffcb33fd000 	C:\Windows\System32\KERNEL32.DLL
0x00007ffcb15f0000 - 0x00007ffcb18be000 	C:\Windows\System32\KERNELBASE.dll
0x00007ffcb2540000 - 0x00007ffcb25ee000 	C:\Windows\System32\ADVAPI32.dll
0x00007ffcb26e0000 - 0x00007ffcb277e000 	C:\Windows\System32\msvcrt.dll
0x00007ffcb35c0000 - 0x00007ffcb365c000 	C:\Windows\System32\sechost.dll
0x00007ffcb2ac0000 - 0x00007ffcb2be5000 	C:\Windows\System32\RPCRT4.dll
0x00007ffcb27e0000 - 0x00007ffcb2980000 	C:\Windows\System32\USER32.dll
0x00007ffcb13d0000 - 0x00007ffcb13f2000 	C:\Windows\System32\win32u.dll
0x00007ffcb3590000 - 0x00007ffcb35ba000 	C:\Windows\System32\GDI32.dll
0x00007ffcb1090000 - 0x00007ffcb119b000 	C:\Windows\System32\gdi32full.dll
0x00007ffcb1930000 - 0x00007ffcb19cd000 	C:\Windows\System32\msvcp_win.dll
0x00007ffcb12d0000 - 0x00007ffcb13d0000 	C:\Windows\System32\ucrtbase.dll
0x00007ffc8fc30000 - 0x00007ffc8feca000 	C:\Windows\WinSxS\amd64_microsoft.windows.common-controls_6595b64144ccf1df_6.0.19041.1110_none_60b5254171f9507e\COMCTL32.dll
0x00007ffcb2980000 - 0x00007ffcb29b0000 	C:\Windows\System32\IMM32.DLL
0x00007ffcac690000 - 0x00007ffcac6a5000 	c:\Program Files\Java\jdk1.8.0_333\jre\bin\vcruntime140.dll
0x00007ffc8e480000 - 0x00007ffc8e51b000 	c:\Program Files\Java\jdk1.8.0_333\jre\bin\msvcp140.dll
0x00000000618a0000 - 0x0000000062101000 	c:\Program Files\Java\jdk1.8.0_333\jre\bin\server\jvm.dll
0x00007ffcb1ae0000 - 0x00007ffcb1ae8000 	C:\Windows\System32\PSAPI.DLL
0x00007ffc97150000 - 0x00007ffc97159000 	C:\Windows\SYSTEM32\WSOCK32.dll
0x00007ffcb2380000 - 0x00007ffcb23eb000 	C:\Windows\System32\WS2_32.dll
0x00007ffcac630000 - 0x00007ffcac63a000 	C:\Windows\SYSTEM32\VERSION.dll
0x00007ffc98290000 - 0x00007ffc982b7000 	C:\Windows\SYSTEM32\WINMM.dll
0x00007ffcaf910000 - 0x00007ffcaf922000 	C:\Windows\SYSTEM32\kernel.appcore.dll
0x00007ffcac880000 - 0x00007ffcac890000 	c:\Program Files\Java\jdk1.8.0_333\jre\bin\verify.dll
0x00007ffcab760000 - 0x00007ffcab78b000 	c:\Program Files\Java\jdk1.8.0_333\jre\bin\java.dll
0x00007ffcabc00000 - 0x00007ffcabc18000 	c:\Program Files\Java\jdk1.8.0_333\jre\bin\zip.dll
0x00007ffcb2bf0000 - 0x00007ffcb3334000 	C:\Windows\System32\SHELL32.dll
0x00007ffcaf170000 - 0x00007ffcaf904000 	C:\Windows\SYSTEM32\windows.storage.dll
0x00007ffcb1f60000 - 0x00007ffcb22b4000 	C:\Windows\System32\combase.dll
0x00007ffcb0af0000 - 0x00007ffcb0b20000 	C:\Windows\SYSTEM32\Wldp.dll
0x00007ffcb1a30000 - 0x00007ffcb1add000 	C:\Windows\System32\SHCORE.dll
0x00007ffcb29b0000 - 0x00007ffcb2a05000 	C:\Windows\System32\shlwapi.dll
0x00007ffcb0fd0000 - 0x00007ffcb0fef000 	C:\Windows\SYSTEM32\profapi.dll
0x00007ffcabba0000 - 0x00007ffcabbbc000 	C:\Program Files\Java\jdk1.8.0_333\jre\bin\net.dll
0x00007ffcb0850000 - 0x00007ffcb08ba000 	C:\Windows\system32\mswsock.dll
0x00007ffca9840000 - 0x00007ffca9853000 	C:\Program Files\Java\jdk1.8.0_333\jre\bin\nio.dll
0x00007ffcac7b0000 - 0x00007ffcac7d7000 	C:\Users\suhai\.gradle\native\e1d6ef7f7dcc3fd88c89a11ec53ec762bb8ba0a96d01ffa2cd45eb1d1d8dd5c5\windows-amd64\native-platform.dll
0x00007ffc852f0000 - 0x00007ffc85434000 	C:\Users\suhai\.gradle\native\5664cfc778a61ccfe75a443a1ab52a65af34e5dc3c78e0209fed803814484fcb\windows-amd64\native-platform-file-events.dll
0x00007ffcac680000 - 0x00007ffcac68d000 	C:\Program Files\Java\jdk1.8.0_333\jre\bin\management.dll
0x00007ffcb0a40000 - 0x00007ffcb0a58000 	C:\Windows\SYSTEM32\CRYPTSP.dll
0x00007ffcb0160000 - 0x00007ffcb0194000 	C:\Windows\system32\rsaenh.dll
0x00007ffcb12a0000 - 0x00007ffcb12c7000 	C:\Windows\System32\bcrypt.dll
0x00007ffcb0f90000 - 0x00007ffcb0fbe000 	C:\Windows\SYSTEM32\USERENV.dll
0x00007ffcb1400000 - 0x00007ffcb1482000 	C:\Windows\System32\bcryptprimitives.dll
0x00007ffcb0a60000 - 0x00007ffcb0a6c000 	C:\Windows\SYSTEM32\CRYPTBASE.dll
0x00007ffcb04f0000 - 0x00007ffcb052b000 	C:\Windows\SYSTEM32\IPHLPAPI.DLL
0x00007ffcb22c0000 - 0x00007ffcb22c8000 	C:\Windows\System32\NSI.dll
0x00007ffca71b0000 - 0x00007ffca71c7000 	C:\Windows\SYSTEM32\dhcpcsvc6.DLL
0x00007ffca82e0000 - 0x00007ffca82fd000 	C:\Windows\SYSTEM32\dhcpcsvc.DLL
0x00007ffcb0540000 - 0x00007ffcb060b000 	C:\Windows\SYSTEM32\DNSAPI.dll

VM Arguments:
jvm_args: -XX:MaxMetaspaceSize=512m -Xmx2048m -Dfile.encoding=utf8 -Duser.country=US -Duser.language=en -Duser.variant 
java_command: org.gradle.launcher.daemon.bootstrap.GradleDaemon 7.3.3
java_class_path (initial): C:\Users\suhai\.gradle\wrapper\dists\gradle-7.3.3-all\4295vidhdd9hd3gbjyw1xqxpo\gradle-7.3.3\lib\gradle-launcher-7.3.3.jar
Launcher Type: SUN_STANDARD

Environment Variables:
JAVA_HOME=C:\Program Files\Java\jdk-11.0.15
PATH=C:\Program Files\Common Files\Oracle\Java\javapath;C:\Python310\Scripts\;C:\Python310\;C:\Program Files\Java\jdk-11.0.15\bin;C:\Program Files (x86)\Common Files\Oracle\Java\javapath;C:\Program Files\Microsoft\jdk-11.0.14.101-hotspot\bin;C:\Program Files (x86)\Intel\iCLS Client\;C:\Program Files\Intel\iCLS Client\;C:\Windows\system32;C:\Windows;C:\Windows\System32\Wbem;C:\Windows\System32\WindowsPowerShell\v1.0\;C:\Windows\System32\OpenSSH\;C:\Program Files (x86)\Intel\Intel(R) Management Engine Components\DAL;C:\Program Files\Intel\Intel(R) Management Engine Components\DAL;C:\Program Files (x86)\Intel\Intel(R) Management Engine Components\IPT;C:\Program Files\Intel\Intel(R) Management Engine Components\IPT;C:\Program Files (x86)\NVIDIA Corporation\PhysX\Common;C:\Program Files\NVIDIA Corporation\NVIDIA NvDLISR;C:\Program Files (x86)\Microsoft\Edge\Application\msedge.exe;C:\Program Files\nodejs\;C:\ProgramData\chocolatey\bin;C:\Program Files\Git\cmd;C:\Program Files\PowerShell\7\;C:\Users\suhai\AppData\Local\Programs\Python\Python38\Scripts\;C:\Users\suhai\AppData\Local\Programs\Python\Python38\;C:\flutterSDK\bin;C:\Program Files\Microsoft\jdk-11.0.14.101-hotspot\bin;C:\Users\suhai\AppData\Local\Microsoft\WindowsApps;%ANDROID_HOME\platform-tools;C:\Program Files\JetBrains\IntelliJ IDEA Community Edition 2022.1.2\bin;;C:\Users\suhai\AppData\Roaming\npm;C:\Users\suhai\AppData\Local\Programs\Microsoft VS Code\bin
USERNAME=suhai
OS=Windows_NT
PROCESSOR_IDENTIFIER=Intel64 Family 6 Model 142 Stepping 9, GenuineIntel



---------------  S Y S T E M  ---------------

OS: Windows 10 , 64 bit Build 19041 (10.0.19041.1806)

CPU:total 4 (initial active 4) (2 cores per cpu, 2 threads per core) family 6 model 142 stepping 9, cmov, cx8, fxsr, mmx, sse, sse2, sse3, ssse3, sse4.1, sse4.2, popcnt, avx, avx2, aes, clmul, erms, 3dnowpref, lzcnt, ht, tsc, tscinvbit, bmi1, bmi2, adx

Memory: 4k page, physical 12465180k(1480332k free), swap 12465180k(5124k free)

vm_info: Java HotSpot(TM) 64-Bit Server VM (25.333-b02) for windows-amd64 JRE (1.8.0_333-b02), built on Apr 25 2022 22:49:11 by "java_re" with MS VC++ 15.9 (VS2017)

time: Tue Jul 19 11:04:46 2022
timezone: SE Asia Standard Time
elapsed time: 95.130560 seconds (0d 0h 1m 35s)

